Build started 3/14/2016 10:26:42 AM.
     1>Project "C:\Users\liamm\Desktop\ALTIA_CONNECT_POINT\Platinum\Platinum.vcxproj" on node 2 (Rebuild target(s)).
     1>ClCompile:
         C:\Program Files (x86)\Microsoft Visual Studio 12.0\VC\bin\CL.exe /c /I..\..\..\..\..\Neptune\Source\Core /I..\..\..\..\Source\Platinum /I..\..\..\..\Source\Core /I..\..\..\..\Source\Extras /I..\..\..\..\Source\Devices\MediaServer /I..\..\..\..\Source\Devices\MediaRenderer /I..\..\..\..\Source\Devices\MediaConnect /ZI /nologo /W3 /WX- /Od /Oy- /D WIN32 /D _DEBUG /D _LIB /D NPT_CONFIG_ENABLE_LOGGING /D _CRT_SECURE_NO_DEPRECATE /D _CRT_SECURE_NO_WARNINGS /D _VC80_UPGRADE=0x0710 /Gm /EHsc /RTC1 /MDd /GS /fp:precise /Zc:wchar_t /Zc:forScope /Fo"Debug\\" /Fd"C:\Users\liamm\Desktop\ALTIA_CONNECT_POINT\AltiaConnect\AltiaConnect\Debug\Platinum.pdb" /Gd /TP /analyze- /errorReport:prompt ..\..\..\..\Source\Core\PltAction.cpp ..\..\..\..\Source\Core\PltArgument.cpp ..\..\..\..\Source\Core\PltConstants.cpp ..\..\..\..\Source\Core\PltCtrlPoint.cpp ..\..\..\..\Source\Core\PltCtrlPointTask.cpp ..\..\..\..\Source\Core\PltDatagramStream.cpp ..\..\..\..\Source\Core\PltDeviceData.cpp ..\..\..\..\Source\Core\PltDeviceHost.cpp ..\..\..\..\Source\Core\PltEvent.cpp ..\..\..\..\Source\Core\PltHttp.cpp ..\..\..\..\Source\Core\PltHttpClientTask.cpp ..\..\..\..\Source\Core\PltHttpServer.cpp ..\..\..\..\Source\Core\PltHttpServerTask.cpp ..\..\..\..\Source\Core\PltIconsData.cpp ..\..\..\..\Source\Core\PltMimeType.cpp ..\..\..\..\Source\Core\PltProtocolInfo.cpp ..\..\..\..\Source\Core\PltService.cpp ..\..\..\..\Source\Core\PltSsdp.cpp ..\..\..\..\Source\Core\PltStateVariable.cpp ..\..\..\..\Source\Core\PltTaskManager.cpp ..\..\..\..\Source\Core\PltThreadTask.cpp ..\..\..\..\Source\Core\PltUPnP.cpp ..\..\..\..\Source\Devices\MediaServer\ConnectionManagerSCPD.cpp ..\..\..\..\Source\Devices\MediaServer\ContentDirectorySCPD.cpp ..\..\..\..\Source\Devices\MediaServer\ContentDirectorywSearchSCPD.cpp ..\..\..\..\Source\Devices\MediaServer\PltDidl.cpp ..\..\..\..\Source\Devices\MediaServer\PltFileMediaServer.cpp ..\..\..\..\Source\Devices\MediaServer\PltMediaBrowser.cpp ..\..\..\..\Source\Devices\MediaServer\PltMediaCache.cpp ..\..\..\..\Source\Devices\MediaServer\PltMediaItem.cpp ..\..\..\..\Source\Devices\MediaServer\PltMediaServer.cpp ..\..\..\..\Source\Devices\MediaServer\PltSyncMediaBrowser.cpp ..\..\..\..\Source\Devices\MediaRenderer\AVTransportSCPD.cpp ..\..\..\..\Source\Devices\MediaRenderer\PltMediaController.cpp ..\..\..\..\Source\Devices\MediaRenderer\PltMediaRenderer.cpp ..\..\..\..\Source\Devices\MediaRenderer\RdrConnectionManagerSCPD.cpp ..\..\..\..\Source\Devices\MediaRenderer\RenderingControlSCPD.cpp ..\..\..\..\Source\Devices\MediaConnect\PltMediaConnect.cpp ..\..\..\..\Source\Devices\MediaConnect\PltXbox360.cpp ..\..\..\..\Source\Devices\MediaConnect\X_MS_MediaReceiverRegistrarSCPD.cpp ..\..\..\..\Source\Extras\PltDownloader.cpp ..\..\..\..\Source\Extras\PltFrameBuffer.cpp ..\..\..\..\Source\Extras\PltFrameServer.cpp ..\..\..\..\Source\Extras\PltFrameStream.cpp ..\..\..\..\Source\Extras\PltLeaks.cpp ..\..\..\..\Source\Extras\PltMetadataHandler.cpp ..\..\..\..\Source\Extras\PltRingBufferStream.cpp ..\..\..\..\Source\Extras\PltStreamPump.cpp
         PltStreamPump.cpp
     1>c1xx : fatal error C1083: Cannot open source file: '..\..\..\..\Source\Extras\PltStreamPump.cpp': No such file or directory
         PltRingBufferStream.cpp
     1>c1xx : fatal error C1083: Cannot open source file: '..\..\..\..\Source\Extras\PltRingBufferStream.cpp': No such file or directory
         PltMetadataHandler.cpp
     1>c1xx : fatal error C1083: Cannot open source file: '..\..\..\..\Source\Extras\PltMetadataHandler.cpp': No such file or directory
         PltLeaks.cpp
     1>c1xx : fatal error C1083: Cannot open source file: '..\..\..\..\Source\Extras\PltLeaks.cpp': No such file or directory
         PltFrameStream.cpp
     1>c1xx : fatal error C1083: Cannot open source file: '..\..\..\..\Source\Extras\PltFrameStream.cpp': No such file or directory
         PltFrameServer.cpp
     1>c1xx : fatal error C1083: Cannot open source file: '..\..\..\..\Source\Extras\PltFrameServer.cpp': No such file or directory
         PltFrameBuffer.cpp
     1>c1xx : fatal error C1083: Cannot open source file: '..\..\..\..\Source\Extras\PltFrameBuffer.cpp': No such file or directory
         PltDownloader.cpp
     1>c1xx : fatal error C1083: Cannot open source file: '..\..\..\..\Source\Extras\PltDownloader.cpp': No such file or directory
         X_MS_MediaReceiverRegistrarSCPD.cpp
     1>c1xx : fatal error C1083: Cannot open source file: '..\..\..\..\Source\Devices\MediaConnect\X_MS_MediaReceiverRegistrarSCPD.cpp': No such file or directory
         PltXbox360.cpp
     1>c1xx : fatal error C1083: Cannot open source file: '..\..\..\..\Source\Devices\MediaConnect\PltXbox360.cpp': No such file or directory
         PltMediaConnect.cpp
     1>c1xx : fatal error C1083: Cannot open source file: '..\..\..\..\Source\Devices\MediaConnect\PltMediaConnect.cpp': No such file or directory
         RenderingControlSCPD.cpp
     1>c1xx : fatal error C1083: Cannot open source file: '..\..\..\..\Source\Devices\MediaRenderer\RenderingControlSCPD.cpp': No such file or directory
         RdrConnectionManagerSCPD.cpp
     1>c1xx : fatal error C1083: Cannot open source file: '..\..\..\..\Source\Devices\MediaRenderer\RdrConnectionManagerSCPD.cpp': No such file or directory
         PltMediaRenderer.cpp
     1>c1xx : fatal error C1083: Cannot open source file: '..\..\..\..\Source\Devices\MediaRenderer\PltMediaRenderer.cpp': No such file or directory
         PltMediaController.cpp
     1>c1xx : fatal error C1083: Cannot open source file: '..\..\..\..\Source\Devices\MediaRenderer\PltMediaController.cpp': No such file or directory
         AVTransportSCPD.cpp
     1>c1xx : fatal error C1083: Cannot open source file: '..\..\..\..\Source\Devices\MediaRenderer\AVTransportSCPD.cpp': No such file or directory
         PltSyncMediaBrowser.cpp
     1>c1xx : fatal error C1083: Cannot open source file: '..\..\..\..\Source\Devices\MediaServer\PltSyncMediaBrowser.cpp': No such file or directory
         PltMediaServer.cpp
     1>c1xx : fatal error C1083: Cannot open source file: '..\..\..\..\Source\Devices\MediaServer\PltMediaServer.cpp': No such file or directory
         PltMediaItem.cpp
     1>c1xx : fatal error C1083: Cannot open source file: '..\..\..\..\Source\Devices\MediaServer\PltMediaItem.cpp': No such file or directory
         PltMediaCache.cpp
     1>c1xx : fatal error C1083: Cannot open source file: '..\..\..\..\Source\Devices\MediaServer\PltMediaCache.cpp': No such file or directory
         Generating Code...
         Compiling...
         PltMediaBrowser.cpp
     1>c1xx : fatal error C1083: Cannot open source file: '..\..\..\..\Source\Devices\MediaServer\PltMediaBrowser.cpp': No such file or directory
         PltFileMediaServer.cpp
     1>c1xx : fatal error C1083: Cannot open source file: '..\..\..\..\Source\Devices\MediaServer\PltFileMediaServer.cpp': No such file or directory
         PltDidl.cpp
     1>c1xx : fatal error C1083: Cannot open source file: '..\..\..\..\Source\Devices\MediaServer\PltDidl.cpp': No such file or directory
         ContentDirectorywSearchSCPD.cpp
     1>c1xx : fatal error C1083: Cannot open source file: '..\..\..\..\Source\Devices\MediaServer\ContentDirectorywSearchSCPD.cpp': No such file or directory
         ContentDirectorySCPD.cpp
     1>c1xx : fatal error C1083: Cannot open source file: '..\..\..\..\Source\Devices\MediaServer\ContentDirectorySCPD.cpp': No such file or directory
         ConnectionManagerSCPD.cpp
     1>c1xx : fatal error C1083: Cannot open source file: '..\..\..\..\Source\Devices\MediaServer\ConnectionManagerSCPD.cpp': No such file or directory
         PltUPnP.cpp
     1>c1xx : fatal error C1083: Cannot open source file: '..\..\..\..\Source\Core\PltUPnP.cpp': No such file or directory
         PltThreadTask.cpp
     1>c1xx : fatal error C1083: Cannot open source file: '..\..\..\..\Source\Core\PltThreadTask.cpp': No such file or directory
         PltTaskManager.cpp
     1>c1xx : fatal error C1083: Cannot open source file: '..\..\..\..\Source\Core\PltTaskManager.cpp': No such file or directory
         PltStateVariable.cpp
     1>c1xx : fatal error C1083: Cannot open source file: '..\..\..\..\Source\Core\PltStateVariable.cpp': No such file or directory
         PltSsdp.cpp
     1>c1xx : fatal error C1083: Cannot open source file: '..\..\..\..\Source\Core\PltSsdp.cpp': No such file or directory
         PltService.cpp
     1>c1xx : fatal error C1083: Cannot open source file: '..\..\..\..\Source\Core\PltService.cpp': No such file or directory
         PltProtocolInfo.cpp
     1>c1xx : fatal error C1083: Cannot open source file: '..\..\..\..\Source\Core\PltProtocolInfo.cpp': No such file or directory
         PltMimeType.cpp
     1>c1xx : fatal error C1083: Cannot open source file: '..\..\..\..\Source\Core\PltMimeType.cpp': No such file or directory
         PltIconsData.cpp
     1>c1xx : fatal error C1083: Cannot open source file: '..\..\..\..\Source\Core\PltIconsData.cpp': No such file or directory
         PltHttpServerTask.cpp
     1>c1xx : fatal error C1083: Cannot open source file: '..\..\..\..\Source\Core\PltHttpServerTask.cpp': No such file or directory
         PltHttpServer.cpp
     1>c1xx : fatal error C1083: Cannot open source file: '..\..\..\..\Source\Core\PltHttpServer.cpp': No such file or directory
         PltHttpClientTask.cpp
     1>c1xx : fatal error C1083: Cannot open source file: '..\..\..\..\Source\Core\PltHttpClientTask.cpp': No such file or directory
         PltHttp.cpp
     1>c1xx : fatal error C1083: Cannot open source file: '..\..\..\..\Source\Core\PltHttp.cpp': No such file or directory
         PltEvent.cpp
     1>c1xx : fatal error C1083: Cannot open source file: '..\..\..\..\Source\Core\PltEvent.cpp': No such file or directory
         Generating Code...
         Compiling...
         PltDeviceHost.cpp
     1>c1xx : fatal error C1083: Cannot open source file: '..\..\..\..\Source\Core\PltDeviceHost.cpp': No such file or directory
         PltDeviceData.cpp
     1>c1xx : fatal error C1083: Cannot open source file: '..\..\..\..\Source\Core\PltDeviceData.cpp': No such file or directory
         PltDatagramStream.cpp
     1>c1xx : fatal error C1083: Cannot open source file: '..\..\..\..\Source\Core\PltDatagramStream.cpp': No such file or directory
         PltCtrlPointTask.cpp
     1>c1xx : fatal error C1083: Cannot open source file: '..\..\..\..\Source\Core\PltCtrlPointTask.cpp': No such file or directory
         PltCtrlPoint.cpp
     1>c1xx : fatal error C1083: Cannot open source file: '..\..\..\..\Source\Core\PltCtrlPoint.cpp': No such file or directory
         PltConstants.cpp
     1>c1xx : fatal error C1083: Cannot open source file: '..\..\..\..\Source\Core\PltConstants.cpp': No such file or directory
         PltArgument.cpp
     1>c1xx : fatal error C1083: Cannot open source file: '..\..\..\..\Source\Core\PltArgument.cpp': No such file or directory
         PltAction.cpp
     1>c1xx : fatal error C1083: Cannot open source file: '..\..\..\..\Source\Core\PltAction.cpp': No such file or directory
         Generating Code...
     1>Done Building Project "C:\Users\liamm\Desktop\ALTIA_CONNECT_POINT\Platinum\Platinum.vcxproj" (Rebuild target(s)) -- FAILED.

Build FAILED.

Time Elapsed 00:00:00.48
