c:\users\liamm\desktop\platinumkit-1-0-5-13_0ab854\platinum\build\targets\x86-microsoft-win32-vs2010\debug\neptune.pdb
c:\users\liamm\desktop\platinumkit-1-0-5-13_0ab854\platinum\build\targets\x86-microsoft-win32-vs2010\debug\neptune.idb
c:\users\liamm\desktop\platinumkit-1-0-5-13_0ab854\neptune\build\targets\x86-microsoft-win32-vs2010\neptune\debug\nptsystem.obj
c:\users\liamm\desktop\platinumkit-1-0-5-13_0ab854\neptune\build\targets\x86-microsoft-win32-vs2010\neptune\debug\nptthreads.obj
c:\users\liamm\desktop\platinumkit-1-0-5-13_0ab854\neptune\build\targets\x86-microsoft-win32-vs2010\neptune\debug\npttime.obj
c:\users\liamm\desktop\platinumkit-1-0-5-13_0ab854\neptune\build\targets\x86-microsoft-win32-vs2010\neptune\debug\npttls.obj
c:\users\liamm\desktop\platinumkit-1-0-5-13_0ab854\neptune\build\targets\x86-microsoft-win32-vs2010\neptune\debug\npturi.obj
c:\users\liamm\desktop\platinumkit-1-0-5-13_0ab854\neptune\build\targets\x86-microsoft-win32-vs2010\neptune\debug\nptutils.obj
c:\users\liamm\desktop\platinumkit-1-0-5-13_0ab854\neptune\build\targets\x86-microsoft-win32-vs2010\neptune\debug\nptwin32console.obj
c:\users\liamm\desktop\platinumkit-1-0-5-13_0ab854\neptune\build\targets\x86-microsoft-win32-vs2010\neptune\debug\nptwin32debug.obj
c:\users\liamm\desktop\platinumkit-1-0-5-13_0ab854\neptune\build\targets\x86-microsoft-win32-vs2010\neptune\debug\nptwin32dynamiclibraries.obj
c:\users\liamm\desktop\platinumkit-1-0-5-13_0ab854\neptune\build\targets\x86-microsoft-win32-vs2010\neptune\debug\nptwin32file.obj
c:\users\liamm\desktop\platinumkit-1-0-5-13_0ab854\neptune\build\targets\x86-microsoft-win32-vs2010\neptune\debug\nptwin32messagequeue.obj
c:\users\liamm\desktop\platinumkit-1-0-5-13_0ab854\neptune\build\targets\x86-microsoft-win32-vs2010\neptune\debug\nptwin32network.obj
c:\users\liamm\desktop\platinumkit-1-0-5-13_0ab854\neptune\build\targets\x86-microsoft-win32-vs2010\neptune\debug\nptwin32queue.obj
c:\users\liamm\desktop\platinumkit-1-0-5-13_0ab854\neptune\build\targets\x86-microsoft-win32-vs2010\neptune\debug\nptwin32serialport.obj
c:\users\liamm\desktop\platinumkit-1-0-5-13_0ab854\neptune\build\targets\x86-microsoft-win32-vs2010\neptune\debug\nptwin32system.obj
c:\users\liamm\desktop\platinumkit-1-0-5-13_0ab854\neptune\build\targets\x86-microsoft-win32-vs2010\neptune\debug\nptwin32threads.obj
c:\users\liamm\desktop\platinumkit-1-0-5-13_0ab854\neptune\build\targets\x86-microsoft-win32-vs2010\neptune\debug\nptwin32time.obj
c:\users\liamm\desktop\platinumkit-1-0-5-13_0ab854\neptune\build\targets\x86-microsoft-win32-vs2010\neptune\debug\nptxml.obj
c:\users\liamm\desktop\platinumkit-1-0-5-13_0ab854\neptune\build\targets\x86-microsoft-win32-vs2010\neptune\debug\npttlsdefaulttrustanchorsbase.obj
c:\users\liamm\desktop\platinumkit-1-0-5-13_0ab854\neptune\build\targets\x86-microsoft-win32-vs2010\neptune\debug\npttlsdefaulttrustanchorsextended.obj
c:\users\liamm\desktop\platinumkit-1-0-5-13_0ab854\neptune\build\targets\x86-microsoft-win32-vs2010\neptune\debug\nptcrypto.obj
c:\users\liamm\desktop\platinumkit-1-0-5-13_0ab854\neptune\build\targets\x86-microsoft-win32-vs2010\neptune\debug\nptdatabuffer.obj
c:\users\liamm\desktop\platinumkit-1-0-5-13_0ab854\neptune\build\targets\x86-microsoft-win32-vs2010\neptune\debug\nptdebug.obj
c:\users\liamm\desktop\platinumkit-1-0-5-13_0ab854\neptune\build\targets\x86-microsoft-win32-vs2010\neptune\debug\nptdigest.obj
c:\users\liamm\desktop\platinumkit-1-0-5-13_0ab854\neptune\build\targets\x86-microsoft-win32-vs2010\neptune\debug\nptfile.obj
c:\users\liamm\desktop\platinumkit-1-0-5-13_0ab854\neptune\build\targets\x86-microsoft-win32-vs2010\neptune\debug\npthttp.obj
c:\users\liamm\desktop\platinumkit-1-0-5-13_0ab854\neptune\build\targets\x86-microsoft-win32-vs2010\neptune\debug\nptlist.obj
c:\users\liamm\desktop\platinumkit-1-0-5-13_0ab854\neptune\build\targets\x86-microsoft-win32-vs2010\neptune\debug\nptlogging.obj
c:\users\liamm\desktop\platinumkit-1-0-5-13_0ab854\neptune\build\targets\x86-microsoft-win32-vs2010\neptune\debug\nptmessaging.obj
c:\users\liamm\desktop\platinumkit-1-0-5-13_0ab854\neptune\build\targets\x86-microsoft-win32-vs2010\neptune\debug\nptnetwork.obj
c:\users\liamm\desktop\platinumkit-1-0-5-13_0ab854\neptune\build\targets\x86-microsoft-win32-vs2010\neptune\debug\nptposixfile.obj
c:\users\liamm\desktop\platinumkit-1-0-5-13_0ab854\neptune\build\targets\x86-microsoft-win32-vs2010\neptune\debug\nptqueue.obj
c:\users\liamm\desktop\platinumkit-1-0-5-13_0ab854\neptune\build\targets\x86-microsoft-win32-vs2010\neptune\debug\nptresults.obj
c:\users\liamm\desktop\platinumkit-1-0-5-13_0ab854\neptune\build\targets\x86-microsoft-win32-vs2010\neptune\debug\nptringbuffer.obj
c:\users\liamm\desktop\platinumkit-1-0-5-13_0ab854\neptune\build\targets\x86-microsoft-win32-vs2010\neptune\debug\nptsimplemessagequeue.obj
c:\users\liamm\desktop\platinumkit-1-0-5-13_0ab854\neptune\build\targets\x86-microsoft-win32-vs2010\neptune\debug\nptsockets.obj
c:\users\liamm\desktop\platinumkit-1-0-5-13_0ab854\neptune\build\targets\x86-microsoft-win32-vs2010\neptune\debug\nptstdcenvironment.obj
c:\users\liamm\desktop\platinumkit-1-0-5-13_0ab854\neptune\build\targets\x86-microsoft-win32-vs2010\neptune\debug\nptstdcfile.obj
c:\users\liamm\desktop\platinumkit-1-0-5-13_0ab854\neptune\build\targets\x86-microsoft-win32-vs2010\neptune\debug\nptstreams.obj
c:\users\liamm\desktop\platinumkit-1-0-5-13_0ab854\neptune\build\targets\x86-microsoft-win32-vs2010\neptune\debug\nptstrings.obj
c:\users\liamm\desktop\platinumkit-1-0-5-13_0ab854\neptune\build\targets\x86-microsoft-win32-vs2010\neptune\debug\nptautomaticcleaner.obj
c:\users\liamm\desktop\platinumkit-1-0-5-13_0ab854\neptune\build\targets\x86-microsoft-win32-vs2010\neptune\debug\nptbase64.obj
c:\users\liamm\desktop\platinumkit-1-0-5-13_0ab854\neptune\build\targets\x86-microsoft-win32-vs2010\neptune\debug\npthash.obj
c:\users\liamm\desktop\platinumkit-1-0-5-13_0ab854\neptune\build\targets\x86-microsoft-win32-vs2010\neptune\debug\nptbsdresolver.obj
c:\users\liamm\desktop\platinumkit-1-0-5-13_0ab854\neptune\build\targets\x86-microsoft-win32-vs2010\neptune\debug\nptbsdsockets.obj
c:\users\liamm\desktop\platinumkit-1-0-5-13_0ab854\neptune\build\targets\x86-microsoft-win32-vs2010\neptune\debug\nptbufferedstreams.obj
c:\users\liamm\desktop\platinumkit-1-0-5-13_0ab854\neptune\build\targets\x86-microsoft-win32-vs2010\neptune\debug\nptcommon.obj
c:\users\liamm\desktop\platinumkit-1-0-5-13_0ab854\neptune\build\targets\x86-microsoft-win32-vs2010\neptune\debug\nptconsole.obj
c:\users\liamm\desktop\platinumkit-1-0-5-13_0ab854\neptune\build\targets\x86-microsoft-win32-vs2010\neptune\debug\aes.obj
c:\users\liamm\desktop\platinumkit-1-0-5-13_0ab854\neptune\build\targets\x86-microsoft-win32-vs2010\neptune\debug\asn1.obj
c:\users\liamm\desktop\platinumkit-1-0-5-13_0ab854\neptune\build\targets\x86-microsoft-win32-vs2010\neptune\debug\bigint.obj
c:\users\liamm\desktop\platinumkit-1-0-5-13_0ab854\neptune\build\targets\x86-microsoft-win32-vs2010\neptune\debug\crypto_misc.obj
c:\users\liamm\desktop\platinumkit-1-0-5-13_0ab854\neptune\build\targets\x86-microsoft-win32-vs2010\neptune\debug\gen_cert.obj
c:\users\liamm\desktop\platinumkit-1-0-5-13_0ab854\neptune\build\targets\x86-microsoft-win32-vs2010\neptune\debug\hmac.obj
c:\users\liamm\desktop\platinumkit-1-0-5-13_0ab854\neptune\build\targets\x86-microsoft-win32-vs2010\neptune\debug\loader.obj
c:\users\liamm\desktop\platinumkit-1-0-5-13_0ab854\neptune\build\targets\x86-microsoft-win32-vs2010\neptune\debug\md2.obj
c:\users\liamm\desktop\platinumkit-1-0-5-13_0ab854\neptune\build\targets\x86-microsoft-win32-vs2010\neptune\debug\md5.obj
c:\users\liamm\desktop\platinumkit-1-0-5-13_0ab854\neptune\build\targets\x86-microsoft-win32-vs2010\neptune\debug\p12.obj
c:\users\liamm\desktop\platinumkit-1-0-5-13_0ab854\neptune\build\targets\x86-microsoft-win32-vs2010\neptune\debug\rc4.obj
c:\users\liamm\desktop\platinumkit-1-0-5-13_0ab854\neptune\build\targets\x86-microsoft-win32-vs2010\neptune\debug\rsa.obj
c:\users\liamm\desktop\platinumkit-1-0-5-13_0ab854\neptune\build\targets\x86-microsoft-win32-vs2010\neptune\debug\sha1.obj
c:\users\liamm\desktop\platinumkit-1-0-5-13_0ab854\neptune\build\targets\x86-microsoft-win32-vs2010\neptune\debug\tls1.obj
c:\users\liamm\desktop\platinumkit-1-0-5-13_0ab854\neptune\build\targets\x86-microsoft-win32-vs2010\neptune\debug\tls1_clnt.obj
c:\users\liamm\desktop\platinumkit-1-0-5-13_0ab854\neptune\build\targets\x86-microsoft-win32-vs2010\neptune\debug\tls1_svr.obj
c:\users\liamm\desktop\platinumkit-1-0-5-13_0ab854\neptune\build\targets\x86-microsoft-win32-vs2010\neptune\debug\x509.obj
c:\users\liamm\desktop\platinumkit-1-0-5-13_0ab854\platinum\build\targets\x86-microsoft-win32-vs2010\debug\neptune.lib
c:\users\liamm\desktop\altia_connect_point\neptune\build\targets\x86-microsoft-win32-vs2010\neptune\debug\aes.obj
c:\users\liamm\desktop\altia_connect_point\neptune\build\targets\x86-microsoft-win32-vs2010\neptune\debug\asn1.obj
c:\users\liamm\desktop\altia_connect_point\neptune\build\targets\x86-microsoft-win32-vs2010\neptune\debug\bigint.obj
c:\users\liamm\desktop\altia_connect_point\neptune\build\targets\x86-microsoft-win32-vs2010\neptune\debug\crypto_misc.obj
c:\users\liamm\desktop\altia_connect_point\neptune\build\targets\x86-microsoft-win32-vs2010\neptune\debug\gen_cert.obj
c:\users\liamm\desktop\altia_connect_point\neptune\build\targets\x86-microsoft-win32-vs2010\neptune\debug\hmac.obj
c:\users\liamm\desktop\altia_connect_point\neptune\build\targets\x86-microsoft-win32-vs2010\neptune\debug\loader.obj
c:\users\liamm\desktop\altia_connect_point\neptune\build\targets\x86-microsoft-win32-vs2010\neptune\debug\md2.obj
c:\users\liamm\desktop\altia_connect_point\neptune\build\targets\x86-microsoft-win32-vs2010\neptune\debug\md5.obj
c:\users\liamm\desktop\altia_connect_point\neptune\build\targets\x86-microsoft-win32-vs2010\neptune\debug\nptautomaticcleaner.obj
c:\users\liamm\desktop\altia_connect_point\neptune\build\targets\x86-microsoft-win32-vs2010\neptune\debug\nptbase64.obj
c:\users\liamm\desktop\altia_connect_point\neptune\build\targets\x86-microsoft-win32-vs2010\neptune\debug\nptbsdresolver.obj
c:\users\liamm\desktop\altia_connect_point\neptune\build\targets\x86-microsoft-win32-vs2010\neptune\debug\nptbsdsockets.obj
c:\users\liamm\desktop\altia_connect_point\neptune\build\targets\x86-microsoft-win32-vs2010\neptune\debug\nptbufferedstreams.obj
c:\users\liamm\desktop\altia_connect_point\neptune\build\targets\x86-microsoft-win32-vs2010\neptune\debug\nptcommon.obj
c:\users\liamm\desktop\altia_connect_point\neptune\build\targets\x86-microsoft-win32-vs2010\neptune\debug\nptconsole.obj
c:\users\liamm\desktop\altia_connect_point\neptune\build\targets\x86-microsoft-win32-vs2010\neptune\debug\nptcrypto.obj
c:\users\liamm\desktop\altia_connect_point\neptune\build\targets\x86-microsoft-win32-vs2010\neptune\debug\nptdatabuffer.obj
c:\users\liamm\desktop\altia_connect_point\neptune\build\targets\x86-microsoft-win32-vs2010\neptune\debug\nptdebug.obj
c:\users\liamm\desktop\altia_connect_point\neptune\build\targets\x86-microsoft-win32-vs2010\neptune\debug\nptdigest.obj
c:\users\liamm\desktop\altia_connect_point\neptune\build\targets\x86-microsoft-win32-vs2010\neptune\debug\nptfile.obj
c:\users\liamm\desktop\altia_connect_point\neptune\build\targets\x86-microsoft-win32-vs2010\neptune\debug\npthash.obj
c:\users\liamm\desktop\altia_connect_point\neptune\build\targets\x86-microsoft-win32-vs2010\neptune\debug\npthttp.obj
c:\users\liamm\desktop\altia_connect_point\neptune\build\targets\x86-microsoft-win32-vs2010\neptune\debug\nptlist.obj
c:\users\liamm\desktop\altia_connect_point\neptune\build\targets\x86-microsoft-win32-vs2010\neptune\debug\nptlogging.obj
c:\users\liamm\desktop\altia_connect_point\neptune\build\targets\x86-microsoft-win32-vs2010\neptune\debug\nptmessaging.obj
c:\users\liamm\desktop\altia_connect_point\neptune\build\targets\x86-microsoft-win32-vs2010\neptune\debug\nptnetwork.obj
c:\users\liamm\desktop\altia_connect_point\neptune\build\targets\x86-microsoft-win32-vs2010\neptune\debug\nptposixfile.obj
c:\users\liamm\desktop\altia_connect_point\neptune\build\targets\x86-microsoft-win32-vs2010\neptune\debug\nptqueue.obj
c:\users\liamm\desktop\altia_connect_point\neptune\build\targets\x86-microsoft-win32-vs2010\neptune\debug\nptresults.obj
c:\users\liamm\desktop\altia_connect_point\neptune\build\targets\x86-microsoft-win32-vs2010\neptune\debug\nptringbuffer.obj
c:\users\liamm\desktop\altia_connect_point\neptune\build\targets\x86-microsoft-win32-vs2010\neptune\debug\nptsimplemessagequeue.obj
c:\users\liamm\desktop\altia_connect_point\neptune\build\targets\x86-microsoft-win32-vs2010\neptune\debug\nptsockets.obj
c:\users\liamm\desktop\altia_connect_point\neptune\build\targets\x86-microsoft-win32-vs2010\neptune\debug\nptstdcenvironment.obj
c:\users\liamm\desktop\altia_connect_point\neptune\build\targets\x86-microsoft-win32-vs2010\neptune\debug\nptstdcfile.obj
c:\users\liamm\desktop\altia_connect_point\neptune\build\targets\x86-microsoft-win32-vs2010\neptune\debug\nptstreams.obj
c:\users\liamm\desktop\altia_connect_point\neptune\build\targets\x86-microsoft-win32-vs2010\neptune\debug\nptstrings.obj
c:\users\liamm\desktop\altia_connect_point\neptune\build\targets\x86-microsoft-win32-vs2010\neptune\debug\nptsystem.obj
c:\users\liamm\desktop\altia_connect_point\neptune\build\targets\x86-microsoft-win32-vs2010\neptune\debug\nptthreads.obj
c:\users\liamm\desktop\altia_connect_point\neptune\build\targets\x86-microsoft-win32-vs2010\neptune\debug\npttime.obj
c:\users\liamm\desktop\altia_connect_point\neptune\build\targets\x86-microsoft-win32-vs2010\neptune\debug\npttls.obj
c:\users\liamm\desktop\altia_connect_point\neptune\build\targets\x86-microsoft-win32-vs2010\neptune\debug\npttlsdefaulttrustanchorsbase.obj
c:\users\liamm\desktop\altia_connect_point\neptune\build\targets\x86-microsoft-win32-vs2010\neptune\debug\npttlsdefaulttrustanchorsextended.obj
c:\users\liamm\desktop\altia_connect_point\neptune\build\targets\x86-microsoft-win32-vs2010\neptune\debug\npturi.obj
c:\users\liamm\desktop\altia_connect_point\neptune\build\targets\x86-microsoft-win32-vs2010\neptune\debug\nptutils.obj
c:\users\liamm\desktop\altia_connect_point\neptune\build\targets\x86-microsoft-win32-vs2010\neptune\debug\nptwin32console.obj
c:\users\liamm\desktop\altia_connect_point\neptune\build\targets\x86-microsoft-win32-vs2010\neptune\debug\nptwin32debug.obj
c:\users\liamm\desktop\altia_connect_point\neptune\build\targets\x86-microsoft-win32-vs2010\neptune\debug\nptwin32dynamiclibraries.obj
c:\users\liamm\desktop\altia_connect_point\neptune\build\targets\x86-microsoft-win32-vs2010\neptune\debug\nptwin32file.obj
c:\users\liamm\desktop\altia_connect_point\neptune\build\targets\x86-microsoft-win32-vs2010\neptune\debug\nptwin32messagequeue.obj
c:\users\liamm\desktop\altia_connect_point\neptune\build\targets\x86-microsoft-win32-vs2010\neptune\debug\nptwin32network.obj
c:\users\liamm\desktop\altia_connect_point\neptune\build\targets\x86-microsoft-win32-vs2010\neptune\debug\nptwin32queue.obj
c:\users\liamm\desktop\altia_connect_point\neptune\build\targets\x86-microsoft-win32-vs2010\neptune\debug\nptwin32serialport.obj
c:\users\liamm\desktop\altia_connect_point\neptune\build\targets\x86-microsoft-win32-vs2010\neptune\debug\nptwin32system.obj
c:\users\liamm\desktop\altia_connect_point\neptune\build\targets\x86-microsoft-win32-vs2010\neptune\debug\nptwin32threads.obj
c:\users\liamm\desktop\altia_connect_point\neptune\build\targets\x86-microsoft-win32-vs2010\neptune\debug\nptwin32time.obj
c:\users\liamm\desktop\altia_connect_point\neptune\build\targets\x86-microsoft-win32-vs2010\neptune\debug\nptxml.obj
c:\users\liamm\desktop\altia_connect_point\neptune\build\targets\x86-microsoft-win32-vs2010\neptune\debug\p12.obj
c:\users\liamm\desktop\altia_connect_point\neptune\build\targets\x86-microsoft-win32-vs2010\neptune\debug\rc4.obj
c:\users\liamm\desktop\altia_connect_point\neptune\build\targets\x86-microsoft-win32-vs2010\neptune\debug\rsa.obj
c:\users\liamm\desktop\altia_connect_point\neptune\build\targets\x86-microsoft-win32-vs2010\neptune\debug\sha1.obj
c:\users\liamm\desktop\altia_connect_point\neptune\build\targets\x86-microsoft-win32-vs2010\neptune\debug\tls1.obj
c:\users\liamm\desktop\altia_connect_point\neptune\build\targets\x86-microsoft-win32-vs2010\neptune\debug\tls1_clnt.obj
c:\users\liamm\desktop\altia_connect_point\neptune\build\targets\x86-microsoft-win32-vs2010\neptune\debug\tls1_svr.obj
c:\users\liamm\desktop\altia_connect_point\neptune\build\targets\x86-microsoft-win32-vs2010\neptune\debug\x509.obj
c:\users\liamm\desktop\altia_connect_point\neptune\build\targets\x86-microsoft-win32-vs2010\neptune\debug\neptune.tlog\cl.command.1.tlog
c:\users\liamm\desktop\altia_connect_point\neptune\build\targets\x86-microsoft-win32-vs2010\neptune\debug\neptune.tlog\cl.read.1.tlog
c:\users\liamm\desktop\altia_connect_point\neptune\build\targets\x86-microsoft-win32-vs2010\neptune\debug\neptune.tlog\cl.write.1.tlog
c:\users\liamm\desktop\altia_connect_point\neptune\build\targets\x86-microsoft-win32-vs2010\neptune\debug\neptune.tlog\lib-link.read.1.tlog
c:\users\liamm\desktop\altia_connect_point\neptune\build\targets\x86-microsoft-win32-vs2010\neptune\debug\neptune.tlog\lib-link.write.1.tlog
c:\users\liamm\desktop\altia_connect_point\neptune\build\targets\x86-microsoft-win32-vs2010\neptune\debug\neptune.tlog\lib.command.1.tlog
