c:\users\liamm\development\altiaconnect\platinum\lib\platinum.pdb
c:\users\liamm\development\altiaconnect\platinum\lib\platinum.idb
c:\users\liamm\development\altiaconnect\platinum\build_inter\pltmediacache.obj
c:\users\liamm\development\altiaconnect\platinum\build_inter\pltmediaitem.obj
c:\users\liamm\development\altiaconnect\platinum\build_inter\pltmediaserver.obj
c:\users\liamm\development\altiaconnect\platinum\build_inter\pltsyncmediabrowser.obj
c:\users\liamm\development\altiaconnect\platinum\build_inter\avtransportscpd.obj
c:\users\liamm\development\altiaconnect\platinum\build_inter\pltmediacontroller.obj
c:\users\liamm\development\altiaconnect\platinum\build_inter\pltmediarenderer.obj
c:\users\liamm\development\altiaconnect\platinum\build_inter\rdrconnectionmanagerscpd.obj
c:\users\liamm\development\altiaconnect\platinum\build_inter\renderingcontrolscpd.obj
c:\users\liamm\development\altiaconnect\platinum\build_inter\pltmediaconnect.obj
c:\users\liamm\development\altiaconnect\platinum\build_inter\pltxbox360.obj
c:\users\liamm\development\altiaconnect\platinum\build_inter\x_ms_mediareceiverregistrarscpd.obj
c:\users\liamm\development\altiaconnect\platinum\build_inter\pltdownloader.obj
c:\users\liamm\development\altiaconnect\platinum\build_inter\pltframebuffer.obj
c:\users\liamm\development\altiaconnect\platinum\build_inter\pltframeserver.obj
c:\users\liamm\development\altiaconnect\platinum\build_inter\pltframestream.obj
c:\users\liamm\development\altiaconnect\platinum\build_inter\pltleaks.obj
c:\users\liamm\development\altiaconnect\platinum\build_inter\pltmetadatahandler.obj
c:\users\liamm\development\altiaconnect\platinum\build_inter\pltringbufferstream.obj
c:\users\liamm\development\altiaconnect\platinum\build_inter\pltstreampump.obj
c:\users\liamm\development\altiaconnect\platinum\build_inter\pltevent.obj
c:\users\liamm\development\altiaconnect\platinum\build_inter\plthttp.obj
c:\users\liamm\development\altiaconnect\platinum\build_inter\plthttpclienttask.obj
c:\users\liamm\development\altiaconnect\platinum\build_inter\plthttpserver.obj
c:\users\liamm\development\altiaconnect\platinum\build_inter\plthttpservertask.obj
c:\users\liamm\development\altiaconnect\platinum\build_inter\plticonsdata.obj
c:\users\liamm\development\altiaconnect\platinum\build_inter\pltmimetype.obj
c:\users\liamm\development\altiaconnect\platinum\build_inter\pltprotocolinfo.obj
c:\users\liamm\development\altiaconnect\platinum\build_inter\pltservice.obj
c:\users\liamm\development\altiaconnect\platinum\build_inter\pltssdp.obj
c:\users\liamm\development\altiaconnect\platinum\build_inter\pltstatevariable.obj
c:\users\liamm\development\altiaconnect\platinum\build_inter\plttaskmanager.obj
c:\users\liamm\development\altiaconnect\platinum\build_inter\pltthreadtask.obj
c:\users\liamm\development\altiaconnect\platinum\build_inter\pltupnp.obj
c:\users\liamm\development\altiaconnect\platinum\build_inter\connectionmanagerscpd.obj
c:\users\liamm\development\altiaconnect\platinum\build_inter\contentdirectoryscpd.obj
c:\users\liamm\development\altiaconnect\platinum\build_inter\contentdirectorywsearchscpd.obj
c:\users\liamm\development\altiaconnect\platinum\build_inter\pltdidl.obj
c:\users\liamm\development\altiaconnect\platinum\build_inter\pltfilemediaserver.obj
c:\users\liamm\development\altiaconnect\platinum\build_inter\pltmediabrowser.obj
c:\users\liamm\development\altiaconnect\platinum\build_inter\pltaction.obj
c:\users\liamm\development\altiaconnect\platinum\build_inter\pltargument.obj
c:\users\liamm\development\altiaconnect\platinum\build_inter\pltconstants.obj
c:\users\liamm\development\altiaconnect\platinum\build_inter\pltctrlpoint.obj
c:\users\liamm\development\altiaconnect\platinum\build_inter\pltctrlpointtask.obj
c:\users\liamm\development\altiaconnect\platinum\build_inter\pltdatagramstream.obj
c:\users\liamm\development\altiaconnect\platinum\build_inter\pltdevicedata.obj
c:\users\liamm\development\altiaconnect\platinum\build_inter\pltdevicehost.obj
c:\users\liamm\development\altiaconnect\platinum\lib\platinum.lib
c:\users\liamm\development\altiaconnect\platinum\build_inter\platinum.tlog\cl.command.1.tlog
c:\users\liamm\development\altiaconnect\platinum\build_inter\platinum.tlog\cl.read.1.tlog
c:\users\liamm\development\altiaconnect\platinum\build_inter\platinum.tlog\cl.write.1.tlog
c:\users\liamm\development\altiaconnect\platinum\build_inter\platinum.tlog\lib-link.read.1.tlog
c:\users\liamm\development\altiaconnect\platinum\build_inter\platinum.tlog\lib-link.write.1.tlog
c:\users\liamm\development\altiaconnect\platinum\build_inter\platinum.tlog\lib.command.1.tlog
