c:\users\liamm\development\altiaconnect\neptune\lib\neptune.pdb
c:\users\liamm\development\altiaconnect\neptune\lib\neptune.idb
c:\users\liamm\development\altiaconnect\neptune\inter\nptsystem.obj
c:\users\liamm\development\altiaconnect\neptune\inter\nptthreads.obj
c:\users\liamm\development\altiaconnect\neptune\inter\npttime.obj
c:\users\liamm\development\altiaconnect\neptune\inter\npttls.obj
c:\users\liamm\development\altiaconnect\neptune\inter\npturi.obj
c:\users\liamm\development\altiaconnect\neptune\inter\nptutils.obj
c:\users\liamm\development\altiaconnect\neptune\inter\nptwin32console.obj
c:\users\liamm\development\altiaconnect\neptune\inter\nptwin32debug.obj
c:\users\liamm\development\altiaconnect\neptune\inter\nptwin32dynamiclibraries.obj
c:\users\liamm\development\altiaconnect\neptune\inter\nptwin32file.obj
c:\users\liamm\development\altiaconnect\neptune\inter\nptwin32messagequeue.obj
c:\users\liamm\development\altiaconnect\neptune\inter\nptwin32network.obj
c:\users\liamm\development\altiaconnect\neptune\inter\nptwin32queue.obj
c:\users\liamm\development\altiaconnect\neptune\inter\nptwin32serialport.obj
c:\users\liamm\development\altiaconnect\neptune\inter\nptwin32system.obj
c:\users\liamm\development\altiaconnect\neptune\inter\nptwin32threads.obj
c:\users\liamm\development\altiaconnect\neptune\inter\nptwin32time.obj
c:\users\liamm\development\altiaconnect\neptune\inter\nptxml.obj
c:\users\liamm\development\altiaconnect\neptune\inter\npttlsdefaulttrustanchorsbase.obj
c:\users\liamm\development\altiaconnect\neptune\inter\npttlsdefaulttrustanchorsextended.obj
c:\users\liamm\development\altiaconnect\neptune\inter\nptcrypto.obj
c:\users\liamm\development\altiaconnect\neptune\inter\nptdatabuffer.obj
c:\users\liamm\development\altiaconnect\neptune\inter\nptdebug.obj
c:\users\liamm\development\altiaconnect\neptune\inter\nptdigest.obj
c:\users\liamm\development\altiaconnect\neptune\inter\nptfile.obj
c:\users\liamm\development\altiaconnect\neptune\inter\npthttp.obj
c:\users\liamm\development\altiaconnect\neptune\inter\nptlist.obj
c:\users\liamm\development\altiaconnect\neptune\inter\nptlogging.obj
c:\users\liamm\development\altiaconnect\neptune\inter\nptmessaging.obj
c:\users\liamm\development\altiaconnect\neptune\inter\nptnetwork.obj
c:\users\liamm\development\altiaconnect\neptune\inter\nptposixfile.obj
c:\users\liamm\development\altiaconnect\neptune\inter\nptqueue.obj
c:\users\liamm\development\altiaconnect\neptune\inter\nptresults.obj
c:\users\liamm\development\altiaconnect\neptune\inter\nptringbuffer.obj
c:\users\liamm\development\altiaconnect\neptune\inter\nptsimplemessagequeue.obj
c:\users\liamm\development\altiaconnect\neptune\inter\nptsockets.obj
c:\users\liamm\development\altiaconnect\neptune\inter\nptstdcenvironment.obj
c:\users\liamm\development\altiaconnect\neptune\inter\nptstdcfile.obj
c:\users\liamm\development\altiaconnect\neptune\inter\nptstreams.obj
c:\users\liamm\development\altiaconnect\neptune\inter\nptstrings.obj
c:\users\liamm\development\altiaconnect\neptune\inter\nptautomaticcleaner.obj
c:\users\liamm\development\altiaconnect\neptune\inter\nptbase64.obj
c:\users\liamm\development\altiaconnect\neptune\inter\npthash.obj
c:\users\liamm\development\altiaconnect\neptune\inter\nptbsdresolver.obj
c:\users\liamm\development\altiaconnect\neptune\inter\nptbsdsockets.obj
c:\users\liamm\development\altiaconnect\neptune\inter\nptbufferedstreams.obj
c:\users\liamm\development\altiaconnect\neptune\inter\nptcommon.obj
c:\users\liamm\development\altiaconnect\neptune\inter\nptconsole.obj
c:\users\liamm\development\altiaconnect\neptune\inter\aes.obj
c:\users\liamm\development\altiaconnect\neptune\inter\asn1.obj
c:\users\liamm\development\altiaconnect\neptune\inter\bigint.obj
c:\users\liamm\development\altiaconnect\neptune\inter\crypto_misc.obj
c:\users\liamm\development\altiaconnect\neptune\inter\gen_cert.obj
c:\users\liamm\development\altiaconnect\neptune\inter\hmac.obj
c:\users\liamm\development\altiaconnect\neptune\inter\loader.obj
c:\users\liamm\development\altiaconnect\neptune\inter\md2.obj
c:\users\liamm\development\altiaconnect\neptune\inter\md5.obj
c:\users\liamm\development\altiaconnect\neptune\inter\p12.obj
c:\users\liamm\development\altiaconnect\neptune\inter\rc4.obj
c:\users\liamm\development\altiaconnect\neptune\inter\rsa.obj
c:\users\liamm\development\altiaconnect\neptune\inter\sha1.obj
c:\users\liamm\development\altiaconnect\neptune\inter\tls1.obj
c:\users\liamm\development\altiaconnect\neptune\inter\tls1_clnt.obj
c:\users\liamm\development\altiaconnect\neptune\inter\tls1_svr.obj
c:\users\liamm\development\altiaconnect\neptune\inter\x509.obj
c:\users\liamm\development\altiaconnect\neptune\lib\neptune.lib
c:\users\liamm\development\altiaconnect\neptune\inter\neptune.tlog\cl.command.1.tlog
c:\users\liamm\development\altiaconnect\neptune\inter\neptune.tlog\cl.read.1.tlog
c:\users\liamm\development\altiaconnect\neptune\inter\neptune.tlog\cl.write.1.tlog
c:\users\liamm\development\altiaconnect\neptune\inter\neptune.tlog\lib-link.read.1.tlog
c:\users\liamm\development\altiaconnect\neptune\inter\neptune.tlog\lib-link.write.1.tlog
c:\users\liamm\development\altiaconnect\neptune\inter\neptune.tlog\lib.command.1.tlog
