Build started 3/14/2016 10:27:36 AM.
     1>Project "C:\Users\liamm\Desktop\ALTIA_CONNECT_POINT\Platinum\Build\Targets\x86-microsoft-win32-vs2010\Platinum\Platinum.vcxproj" on node 2 (Rebuild target(s)).
     1>ClCompile:
         C:\Program Files (x86)\Microsoft Visual Studio 12.0\VC\bin\CL.exe /c /I..\..\..\..\..\Neptune\Source\Core /I..\..\..\..\Source\Platinum /I..\..\..\..\Source\Core /I..\..\..\..\Source\Extras /I..\..\..\..\Source\Devices\MediaServer /I..\..\..\..\Source\Devices\MediaRenderer /I..\..\..\..\Source\Devices\MediaConnect /ZI /nologo /W3 /WX- /Od /Oy- /D WIN32 /D _DEBUG /D _LIB /D NPT_CONFIG_ENABLE_LOGGING /D _CRT_SECURE_NO_DEPRECATE /D _CRT_SECURE_NO_WARNINGS /D _VC80_UPGRADE=0x0710 /Gm /EHsc /RTC1 /MDd /GS /fp:precise /Zc:wchar_t /Zc:forScope /Fo"Debug\\" /Fd"C:\Users\liamm\Desktop\ALTIA_CONNECT_POINT\AltiaConnect\AltiaConnect\Debug\Platinum.pdb" /Gd /TP /analyze- /errorReport:prompt ..\..\..\..\Source\Core\PltAction.cpp ..\..\..\..\Source\Core\PltArgument.cpp ..\..\..\..\Source\Core\PltConstants.cpp ..\..\..\..\Source\Core\PltCtrlPoint.cpp ..\..\..\..\Source\Core\PltCtrlPointTask.cpp ..\..\..\..\Source\Core\PltDatagramStream.cpp ..\..\..\..\Source\Core\PltDeviceData.cpp ..\..\..\..\Source\Core\PltDeviceHost.cpp ..\..\..\..\Source\Core\PltEvent.cpp ..\..\..\..\Source\Core\PltHttp.cpp ..\..\..\..\Source\Core\PltHttpClientTask.cpp ..\..\..\..\Source\Core\PltHttpServer.cpp ..\..\..\..\Source\Core\PltHttpServerTask.cpp ..\..\..\..\Source\Core\PltIconsData.cpp ..\..\..\..\Source\Core\PltMimeType.cpp ..\..\..\..\Source\Core\PltProtocolInfo.cpp ..\..\..\..\Source\Core\PltService.cpp ..\..\..\..\Source\Core\PltSsdp.cpp ..\..\..\..\Source\Core\PltStateVariable.cpp ..\..\..\..\Source\Core\PltTaskManager.cpp ..\..\..\..\Source\Core\PltThreadTask.cpp ..\..\..\..\Source\Core\PltUPnP.cpp ..\..\..\..\Source\Devices\MediaServer\ConnectionManagerSCPD.cpp ..\..\..\..\Source\Devices\MediaServer\ContentDirectorySCPD.cpp ..\..\..\..\Source\Devices\MediaServer\ContentDirectorywSearchSCPD.cpp ..\..\..\..\Source\Devices\MediaServer\PltDidl.cpp ..\..\..\..\Source\Devices\MediaServer\PltFileMediaServer.cpp ..\..\..\..\Source\Devices\MediaServer\PltMediaBrowser.cpp ..\..\..\..\Source\Devices\MediaServer\PltMediaCache.cpp ..\..\..\..\Source\Devices\MediaServer\PltMediaItem.cpp ..\..\..\..\Source\Devices\MediaServer\PltMediaServer.cpp ..\..\..\..\Source\Devices\MediaServer\PltSyncMediaBrowser.cpp ..\..\..\..\Source\Devices\MediaRenderer\AVTransportSCPD.cpp ..\..\..\..\Source\Devices\MediaRenderer\PltMediaController.cpp ..\..\..\..\Source\Devices\MediaRenderer\PltMediaRenderer.cpp ..\..\..\..\Source\Devices\MediaRenderer\RdrConnectionManagerSCPD.cpp ..\..\..\..\Source\Devices\MediaRenderer\RenderingControlSCPD.cpp ..\..\..\..\Source\Devices\MediaConnect\PltMediaConnect.cpp ..\..\..\..\Source\Devices\MediaConnect\PltXbox360.cpp ..\..\..\..\Source\Devices\MediaConnect\X_MS_MediaReceiverRegistrarSCPD.cpp ..\..\..\..\Source\Extras\PltDownloader.cpp ..\..\..\..\Source\Extras\PltFrameBuffer.cpp ..\..\..\..\Source\Extras\PltFrameServer.cpp ..\..\..\..\Source\Extras\PltFrameStream.cpp ..\..\..\..\Source\Extras\PltLeaks.cpp ..\..\..\..\Source\Extras\PltMetadataHandler.cpp ..\..\..\..\Source\Extras\PltRingBufferStream.cpp ..\..\..\..\Source\Extras\PltStreamPump.cpp
         PltStreamPump.cpp
         PltRingBufferStream.cpp
         PltMetadataHandler.cpp
         PltLeaks.cpp
         PltFrameStream.cpp
         PltFrameServer.cpp
         PltFrameBuffer.cpp
         PltDownloader.cpp
         X_MS_MediaReceiverRegistrarSCPD.cpp
         PltXbox360.cpp
         PltMediaConnect.cpp
         RenderingControlSCPD.cpp
         RdrConnectionManagerSCPD.cpp
         PltMediaRenderer.cpp
         PltMediaController.cpp
         AVTransportSCPD.cpp
         PltSyncMediaBrowser.cpp
         PltMediaServer.cpp
         PltMediaItem.cpp
         PltMediaCache.cpp
         Generating Code...
         Compiling...
         PltMediaBrowser.cpp
         PltFileMediaServer.cpp
         PltDidl.cpp
         ContentDirectorywSearchSCPD.cpp
         ContentDirectorySCPD.cpp
         ConnectionManagerSCPD.cpp
         PltUPnP.cpp
         PltThreadTask.cpp
         PltTaskManager.cpp
         PltStateVariable.cpp
         PltSsdp.cpp
         PltService.cpp
         PltProtocolInfo.cpp
         PltMimeType.cpp
         PltIconsData.cpp
         PltHttpServerTask.cpp
         PltHttpServer.cpp
         PltHttpClientTask.cpp
         PltHttp.cpp
         PltEvent.cpp
         Generating Code...
         Compiling...
         PltDeviceHost.cpp
     1>c:\users\liamm\desktop\altia_connect_point\platinum\source\core\pltdevicehost.cpp(683): warning C4244: 'initializing' : conversion from 'double' to 'NPT_Int32', possible loss of data
     1>c:\users\liamm\desktop\altia_connect_point\platinum\source\core\pltdevicehost.cpp(706): warning C4244: 'initializing' : conversion from 'double' to 'NPT_Int32', possible loss of data
         PltDeviceData.cpp
         PltDatagramStream.cpp
         PltCtrlPointTask.cpp
         PltCtrlPoint.cpp
         PltConstants.cpp
         PltArgument.cpp
         PltAction.cpp
         Generating Code...
       Lib:
         C:\Program Files (x86)\Microsoft Visual Studio 12.0\VC\bin\Lib.exe /OUT:"C:\Users\liamm\Desktop\ALTIA_CONNECT_POINT\AltiaConnect\AltiaConnect\Debug\Platinum.lib" /NOLOGO Debug\PltAction.obj
         Debug\PltArgument.obj
         Debug\PltConstants.obj
         Debug\PltCtrlPoint.obj
         Debug\PltCtrlPointTask.obj
         Debug\PltDatagramStream.obj
         Debug\PltDeviceData.obj
         Debug\PltDeviceHost.obj
         Debug\PltEvent.obj
         Debug\PltHttp.obj
         Debug\PltHttpClientTask.obj
         Debug\PltHttpServer.obj
         Debug\PltHttpServerTask.obj
         Debug\PltIconsData.obj
         Debug\PltMimeType.obj
         Debug\PltProtocolInfo.obj
         Debug\PltService.obj
         Debug\PltSsdp.obj
         Debug\PltStateVariable.obj
         Debug\PltTaskManager.obj
         Debug\PltThreadTask.obj
         Debug\PltUPnP.obj
         Debug\ConnectionManagerSCPD.obj
         Debug\ContentDirectorySCPD.obj
         Debug\ContentDirectorywSearchSCPD.obj
         Debug\PltDidl.obj
         Debug\PltFileMediaServer.obj
         Debug\PltMediaBrowser.obj
         Debug\PltMediaCache.obj
         Debug\PltMediaItem.obj
         Debug\PltMediaServer.obj
         Debug\PltSyncMediaBrowser.obj
         Debug\AVTransportSCPD.obj
         Debug\PltMediaController.obj
         Debug\PltMediaRenderer.obj
         Debug\RdrConnectionManagerSCPD.obj
         Debug\RenderingControlSCPD.obj
         Debug\PltMediaConnect.obj
         Debug\PltXbox360.obj
         Debug\X_MS_MediaReceiverRegistrarSCPD.obj
         Debug\PltDownloader.obj
         Debug\PltFrameBuffer.obj
         Debug\PltFrameServer.obj
         Debug\PltFrameStream.obj
         Debug\PltLeaks.obj
         Debug\PltMetadataHandler.obj
         Debug\PltRingBufferStream.obj
         Debug\PltStreamPump.obj
         Platinum.vcxproj -> C:\Users\liamm\Desktop\ALTIA_CONNECT_POINT\AltiaConnect\AltiaConnect\Debug\Platinum.lib
     1>Done Building Project "C:\Users\liamm\Desktop\ALTIA_CONNECT_POINT\Platinum\Build\Targets\x86-microsoft-win32-vs2010\Platinum\Platinum.vcxproj" (Rebuild target(s)).

Build succeeded.

Time Elapsed 00:00:07.37
