c:\users\liamm\desktop\platinumkit-1-0-5-13_0ab854\platinum\build\targets\x86-microsoft-win32-vs2010\debug\platinum.pdb
c:\users\liamm\desktop\platinumkit-1-0-5-13_0ab854\platinum\build\targets\x86-microsoft-win32-vs2010\debug\platinum.idb
c:\users\liamm\desktop\platinumkit-1-0-5-13_0ab854\platinum\build\targets\x86-microsoft-win32-vs2010\platinum\debug\pltmediacache.obj
c:\users\liamm\desktop\platinumkit-1-0-5-13_0ab854\platinum\build\targets\x86-microsoft-win32-vs2010\platinum\debug\pltmediaitem.obj
c:\users\liamm\desktop\platinumkit-1-0-5-13_0ab854\platinum\build\targets\x86-microsoft-win32-vs2010\platinum\debug\pltmediaserver.obj
c:\users\liamm\desktop\platinumkit-1-0-5-13_0ab854\platinum\build\targets\x86-microsoft-win32-vs2010\platinum\debug\pltsyncmediabrowser.obj
c:\users\liamm\desktop\platinumkit-1-0-5-13_0ab854\platinum\build\targets\x86-microsoft-win32-vs2010\platinum\debug\avtransportscpd.obj
c:\users\liamm\desktop\platinumkit-1-0-5-13_0ab854\platinum\build\targets\x86-microsoft-win32-vs2010\platinum\debug\pltmediacontroller.obj
c:\users\liamm\desktop\platinumkit-1-0-5-13_0ab854\platinum\build\targets\x86-microsoft-win32-vs2010\platinum\debug\pltmediarenderer.obj
c:\users\liamm\desktop\platinumkit-1-0-5-13_0ab854\platinum\build\targets\x86-microsoft-win32-vs2010\platinum\debug\rdrconnectionmanagerscpd.obj
c:\users\liamm\desktop\platinumkit-1-0-5-13_0ab854\platinum\build\targets\x86-microsoft-win32-vs2010\platinum\debug\renderingcontrolscpd.obj
c:\users\liamm\desktop\platinumkit-1-0-5-13_0ab854\platinum\build\targets\x86-microsoft-win32-vs2010\platinum\debug\pltmediaconnect.obj
c:\users\liamm\desktop\platinumkit-1-0-5-13_0ab854\platinum\build\targets\x86-microsoft-win32-vs2010\platinum\debug\pltxbox360.obj
c:\users\liamm\desktop\platinumkit-1-0-5-13_0ab854\platinum\build\targets\x86-microsoft-win32-vs2010\platinum\debug\x_ms_mediareceiverregistrarscpd.obj
c:\users\liamm\desktop\platinumkit-1-0-5-13_0ab854\platinum\build\targets\x86-microsoft-win32-vs2010\platinum\debug\pltdownloader.obj
c:\users\liamm\desktop\platinumkit-1-0-5-13_0ab854\platinum\build\targets\x86-microsoft-win32-vs2010\platinum\debug\pltframebuffer.obj
c:\users\liamm\desktop\platinumkit-1-0-5-13_0ab854\platinum\build\targets\x86-microsoft-win32-vs2010\platinum\debug\pltframeserver.obj
c:\users\liamm\desktop\platinumkit-1-0-5-13_0ab854\platinum\build\targets\x86-microsoft-win32-vs2010\platinum\debug\pltframestream.obj
c:\users\liamm\desktop\platinumkit-1-0-5-13_0ab854\platinum\build\targets\x86-microsoft-win32-vs2010\platinum\debug\pltleaks.obj
c:\users\liamm\desktop\platinumkit-1-0-5-13_0ab854\platinum\build\targets\x86-microsoft-win32-vs2010\platinum\debug\pltmetadatahandler.obj
c:\users\liamm\desktop\platinumkit-1-0-5-13_0ab854\platinum\build\targets\x86-microsoft-win32-vs2010\platinum\debug\pltringbufferstream.obj
c:\users\liamm\desktop\platinumkit-1-0-5-13_0ab854\platinum\build\targets\x86-microsoft-win32-vs2010\platinum\debug\pltstreampump.obj
c:\users\liamm\desktop\platinumkit-1-0-5-13_0ab854\platinum\build\targets\x86-microsoft-win32-vs2010\platinum\debug\pltevent.obj
c:\users\liamm\desktop\platinumkit-1-0-5-13_0ab854\platinum\build\targets\x86-microsoft-win32-vs2010\platinum\debug\plthttp.obj
c:\users\liamm\desktop\platinumkit-1-0-5-13_0ab854\platinum\build\targets\x86-microsoft-win32-vs2010\platinum\debug\plthttpclienttask.obj
c:\users\liamm\desktop\platinumkit-1-0-5-13_0ab854\platinum\build\targets\x86-microsoft-win32-vs2010\platinum\debug\plthttpserver.obj
c:\users\liamm\desktop\platinumkit-1-0-5-13_0ab854\platinum\build\targets\x86-microsoft-win32-vs2010\platinum\debug\plthttpservertask.obj
c:\users\liamm\desktop\platinumkit-1-0-5-13_0ab854\platinum\build\targets\x86-microsoft-win32-vs2010\platinum\debug\plticonsdata.obj
c:\users\liamm\desktop\platinumkit-1-0-5-13_0ab854\platinum\build\targets\x86-microsoft-win32-vs2010\platinum\debug\pltmimetype.obj
c:\users\liamm\desktop\platinumkit-1-0-5-13_0ab854\platinum\build\targets\x86-microsoft-win32-vs2010\platinum\debug\pltprotocolinfo.obj
c:\users\liamm\desktop\platinumkit-1-0-5-13_0ab854\platinum\build\targets\x86-microsoft-win32-vs2010\platinum\debug\pltservice.obj
c:\users\liamm\desktop\platinumkit-1-0-5-13_0ab854\platinum\build\targets\x86-microsoft-win32-vs2010\platinum\debug\pltssdp.obj
c:\users\liamm\desktop\platinumkit-1-0-5-13_0ab854\platinum\build\targets\x86-microsoft-win32-vs2010\platinum\debug\pltstatevariable.obj
c:\users\liamm\desktop\platinumkit-1-0-5-13_0ab854\platinum\build\targets\x86-microsoft-win32-vs2010\platinum\debug\plttaskmanager.obj
c:\users\liamm\desktop\platinumkit-1-0-5-13_0ab854\platinum\build\targets\x86-microsoft-win32-vs2010\platinum\debug\pltthreadtask.obj
c:\users\liamm\desktop\platinumkit-1-0-5-13_0ab854\platinum\build\targets\x86-microsoft-win32-vs2010\platinum\debug\pltupnp.obj
c:\users\liamm\desktop\platinumkit-1-0-5-13_0ab854\platinum\build\targets\x86-microsoft-win32-vs2010\platinum\debug\connectionmanagerscpd.obj
c:\users\liamm\desktop\platinumkit-1-0-5-13_0ab854\platinum\build\targets\x86-microsoft-win32-vs2010\platinum\debug\contentdirectoryscpd.obj
c:\users\liamm\desktop\platinumkit-1-0-5-13_0ab854\platinum\build\targets\x86-microsoft-win32-vs2010\platinum\debug\contentdirectorywsearchscpd.obj
c:\users\liamm\desktop\platinumkit-1-0-5-13_0ab854\platinum\build\targets\x86-microsoft-win32-vs2010\platinum\debug\pltdidl.obj
c:\users\liamm\desktop\platinumkit-1-0-5-13_0ab854\platinum\build\targets\x86-microsoft-win32-vs2010\platinum\debug\pltfilemediaserver.obj
c:\users\liamm\desktop\platinumkit-1-0-5-13_0ab854\platinum\build\targets\x86-microsoft-win32-vs2010\platinum\debug\pltmediabrowser.obj
c:\users\liamm\desktop\platinumkit-1-0-5-13_0ab854\platinum\build\targets\x86-microsoft-win32-vs2010\platinum\debug\pltaction.obj
c:\users\liamm\desktop\platinumkit-1-0-5-13_0ab854\platinum\build\targets\x86-microsoft-win32-vs2010\platinum\debug\pltargument.obj
c:\users\liamm\desktop\platinumkit-1-0-5-13_0ab854\platinum\build\targets\x86-microsoft-win32-vs2010\platinum\debug\pltconstants.obj
c:\users\liamm\desktop\platinumkit-1-0-5-13_0ab854\platinum\build\targets\x86-microsoft-win32-vs2010\platinum\debug\pltctrlpoint.obj
c:\users\liamm\desktop\platinumkit-1-0-5-13_0ab854\platinum\build\targets\x86-microsoft-win32-vs2010\platinum\debug\pltctrlpointtask.obj
c:\users\liamm\desktop\platinumkit-1-0-5-13_0ab854\platinum\build\targets\x86-microsoft-win32-vs2010\platinum\debug\pltdatagramstream.obj
c:\users\liamm\desktop\platinumkit-1-0-5-13_0ab854\platinum\build\targets\x86-microsoft-win32-vs2010\platinum\debug\pltdevicedata.obj
c:\users\liamm\desktop\platinumkit-1-0-5-13_0ab854\platinum\build\targets\x86-microsoft-win32-vs2010\platinum\debug\pltdevicehost.obj
c:\users\liamm\desktop\platinumkit-1-0-5-13_0ab854\platinum\build\targets\x86-microsoft-win32-vs2010\debug\platinum.lib
c:\users\liamm\desktop\altia_connect_point\platinum\build\targets\x86-microsoft-win32-vs2010\platinum\debug\avtransportscpd.obj
c:\users\liamm\desktop\altia_connect_point\platinum\build\targets\x86-microsoft-win32-vs2010\platinum\debug\connectionmanagerscpd.obj
c:\users\liamm\desktop\altia_connect_point\platinum\build\targets\x86-microsoft-win32-vs2010\platinum\debug\contentdirectoryscpd.obj
c:\users\liamm\desktop\altia_connect_point\platinum\build\targets\x86-microsoft-win32-vs2010\platinum\debug\contentdirectorywsearchscpd.obj
c:\users\liamm\desktop\altia_connect_point\platinum\build\targets\x86-microsoft-win32-vs2010\platinum\debug\pltaction.obj
c:\users\liamm\desktop\altia_connect_point\platinum\build\targets\x86-microsoft-win32-vs2010\platinum\debug\pltargument.obj
c:\users\liamm\desktop\altia_connect_point\platinum\build\targets\x86-microsoft-win32-vs2010\platinum\debug\pltconstants.obj
c:\users\liamm\desktop\altia_connect_point\platinum\build\targets\x86-microsoft-win32-vs2010\platinum\debug\pltctrlpoint.obj
c:\users\liamm\desktop\altia_connect_point\platinum\build\targets\x86-microsoft-win32-vs2010\platinum\debug\pltctrlpointtask.obj
c:\users\liamm\desktop\altia_connect_point\platinum\build\targets\x86-microsoft-win32-vs2010\platinum\debug\pltdatagramstream.obj
c:\users\liamm\desktop\altia_connect_point\platinum\build\targets\x86-microsoft-win32-vs2010\platinum\debug\pltdevicedata.obj
c:\users\liamm\desktop\altia_connect_point\platinum\build\targets\x86-microsoft-win32-vs2010\platinum\debug\pltdevicehost.obj
c:\users\liamm\desktop\altia_connect_point\platinum\build\targets\x86-microsoft-win32-vs2010\platinum\debug\pltdidl.obj
c:\users\liamm\desktop\altia_connect_point\platinum\build\targets\x86-microsoft-win32-vs2010\platinum\debug\pltdownloader.obj
c:\users\liamm\desktop\altia_connect_point\platinum\build\targets\x86-microsoft-win32-vs2010\platinum\debug\pltevent.obj
c:\users\liamm\desktop\altia_connect_point\platinum\build\targets\x86-microsoft-win32-vs2010\platinum\debug\pltfilemediaserver.obj
c:\users\liamm\desktop\altia_connect_point\platinum\build\targets\x86-microsoft-win32-vs2010\platinum\debug\pltframebuffer.obj
c:\users\liamm\desktop\altia_connect_point\platinum\build\targets\x86-microsoft-win32-vs2010\platinum\debug\pltframeserver.obj
c:\users\liamm\desktop\altia_connect_point\platinum\build\targets\x86-microsoft-win32-vs2010\platinum\debug\pltframestream.obj
c:\users\liamm\desktop\altia_connect_point\platinum\build\targets\x86-microsoft-win32-vs2010\platinum\debug\plthttp.obj
c:\users\liamm\desktop\altia_connect_point\platinum\build\targets\x86-microsoft-win32-vs2010\platinum\debug\plthttpclienttask.obj
c:\users\liamm\desktop\altia_connect_point\platinum\build\targets\x86-microsoft-win32-vs2010\platinum\debug\plthttpserver.obj
c:\users\liamm\desktop\altia_connect_point\platinum\build\targets\x86-microsoft-win32-vs2010\platinum\debug\plthttpservertask.obj
c:\users\liamm\desktop\altia_connect_point\platinum\build\targets\x86-microsoft-win32-vs2010\platinum\debug\plticonsdata.obj
c:\users\liamm\desktop\altia_connect_point\platinum\build\targets\x86-microsoft-win32-vs2010\platinum\debug\pltleaks.obj
c:\users\liamm\desktop\altia_connect_point\platinum\build\targets\x86-microsoft-win32-vs2010\platinum\debug\pltmediabrowser.obj
c:\users\liamm\desktop\altia_connect_point\platinum\build\targets\x86-microsoft-win32-vs2010\platinum\debug\pltmediacache.obj
c:\users\liamm\desktop\altia_connect_point\platinum\build\targets\x86-microsoft-win32-vs2010\platinum\debug\pltmediaconnect.obj
c:\users\liamm\desktop\altia_connect_point\platinum\build\targets\x86-microsoft-win32-vs2010\platinum\debug\pltmediacontroller.obj
c:\users\liamm\desktop\altia_connect_point\platinum\build\targets\x86-microsoft-win32-vs2010\platinum\debug\pltmediaitem.obj
c:\users\liamm\desktop\altia_connect_point\platinum\build\targets\x86-microsoft-win32-vs2010\platinum\debug\pltmediarenderer.obj
c:\users\liamm\desktop\altia_connect_point\platinum\build\targets\x86-microsoft-win32-vs2010\platinum\debug\pltmediaserver.obj
c:\users\liamm\desktop\altia_connect_point\platinum\build\targets\x86-microsoft-win32-vs2010\platinum\debug\pltmetadatahandler.obj
c:\users\liamm\desktop\altia_connect_point\platinum\build\targets\x86-microsoft-win32-vs2010\platinum\debug\pltmimetype.obj
c:\users\liamm\desktop\altia_connect_point\platinum\build\targets\x86-microsoft-win32-vs2010\platinum\debug\pltprotocolinfo.obj
c:\users\liamm\desktop\altia_connect_point\platinum\build\targets\x86-microsoft-win32-vs2010\platinum\debug\pltringbufferstream.obj
c:\users\liamm\desktop\altia_connect_point\platinum\build\targets\x86-microsoft-win32-vs2010\platinum\debug\pltservice.obj
c:\users\liamm\desktop\altia_connect_point\platinum\build\targets\x86-microsoft-win32-vs2010\platinum\debug\pltssdp.obj
c:\users\liamm\desktop\altia_connect_point\platinum\build\targets\x86-microsoft-win32-vs2010\platinum\debug\pltstatevariable.obj
c:\users\liamm\desktop\altia_connect_point\platinum\build\targets\x86-microsoft-win32-vs2010\platinum\debug\pltstreampump.obj
c:\users\liamm\desktop\altia_connect_point\platinum\build\targets\x86-microsoft-win32-vs2010\platinum\debug\pltsyncmediabrowser.obj
c:\users\liamm\desktop\altia_connect_point\platinum\build\targets\x86-microsoft-win32-vs2010\platinum\debug\plttaskmanager.obj
c:\users\liamm\desktop\altia_connect_point\platinum\build\targets\x86-microsoft-win32-vs2010\platinum\debug\pltthreadtask.obj
c:\users\liamm\desktop\altia_connect_point\platinum\build\targets\x86-microsoft-win32-vs2010\platinum\debug\pltupnp.obj
c:\users\liamm\desktop\altia_connect_point\platinum\build\targets\x86-microsoft-win32-vs2010\platinum\debug\pltxbox360.obj
c:\users\liamm\desktop\altia_connect_point\platinum\build\targets\x86-microsoft-win32-vs2010\platinum\debug\rdrconnectionmanagerscpd.obj
c:\users\liamm\desktop\altia_connect_point\platinum\build\targets\x86-microsoft-win32-vs2010\platinum\debug\renderingcontrolscpd.obj
c:\users\liamm\desktop\altia_connect_point\platinum\build\targets\x86-microsoft-win32-vs2010\platinum\debug\x_ms_mediareceiverregistrarscpd.obj
c:\users\liamm\desktop\altia_connect_point\platinum\build\targets\x86-microsoft-win32-vs2010\platinum\debug\platinum.tlog\cl.command.1.tlog
c:\users\liamm\desktop\altia_connect_point\platinum\build\targets\x86-microsoft-win32-vs2010\platinum\debug\platinum.tlog\cl.read.1.tlog
c:\users\liamm\desktop\altia_connect_point\platinum\build\targets\x86-microsoft-win32-vs2010\platinum\debug\platinum.tlog\cl.write.1.tlog
c:\users\liamm\desktop\altia_connect_point\platinum\build\targets\x86-microsoft-win32-vs2010\platinum\debug\platinum.tlog\lib-link.read.1.tlog
c:\users\liamm\desktop\altia_connect_point\platinum\build\targets\x86-microsoft-win32-vs2010\platinum\debug\platinum.tlog\lib-link.write.1.tlog
c:\users\liamm\desktop\altia_connect_point\platinum\build\targets\x86-microsoft-win32-vs2010\platinum\debug\platinum.tlog\lib.command.1.tlog
